json decode error: <!DOCTYPE html>
<!--[if lt IE 7]> <html class="no-js ie6 oldie" lang="en-US"> <![endif]-->
<!--[if IE 7]>    <html class="no-js ie7 oldie" lang="en-US"> <![endif]-->
<!--[if IE 8]>    <html class="no-js ie8 oldie" lang="en-US"> <![endif]-->
<!--[if gt IE 8]><!--> <html class="no-js" lang="en-US"> <!--<![endif]-->
<head>


<title>api.stocktwits.com | 504: Gateway time-out</title>
<meta charset="UTF-8" />
<meta http-equiv="Content-Type" content="text/html; charset=UTF-8" />
<meta http-equiv="X-UA-Compatible" content="IE=Edge,chrome=1" />
<meta name="robots" content="noindex, nofollow" />
<meta name="viewport" content="width=device-width,initial-scale=1,maximum-scale=1" />
<link rel="stylesheet" id="cf_styles-css" href="/cdn-cgi/styles/cf.errors.css" type="text/css" media="screen,projection" />
<!--[if lt IE 9]><link rel="stylesheet" id='cf_styles-ie-css' href="/cdn-cgi/styles/cf.errors.ie.css" type="text/css" media="screen,projection" /><![endif]-->
<style type="text/css">body{margin:0;padding:0}</style>




</head>
<body>
<div id="cf-wrapper">

    

    <div id="cf-error-details" class="cf-error-details-wrapper">
        <div class="cf-wrapper cf-error-overview">
            <h1>
              
              <span class="cf-error-type">Error</span>
              <span class="cf-error-code">504</span>
              <small class="heading-ray-id">Ray ID: 57d382d35adebc9c &bull; 2020-04-01 15:58:30 UTC</small>
            </h1>
            <h2 class="cf-subheadline">Gateway time-out</h2>
        </div><!-- /.error-overview -->
        
        <div class="cf-section cf-highlight cf-status-display">
            <div class="cf-wrapper">
                <div class="cf-columns cols-3">
                  
<div id="cf-browser-status" class="cf-column cf-status-item cf-browser-status ">
  <div class="cf-icon-error-container">
    <i class="cf-icon cf-icon-browser"></i>
    <i class="cf-icon-status cf-icon-ok"></i>
  </div>
  <span class="cf-status-desc">You</span>
  <h3 class="cf-status-name">Browser</h3>
  <span class="cf-status-label">Working</span>
</div>

<div id="cf-cloudflare-status" class="cf-column cf-status-item cf-cloudflare-status ">
  <div class="cf-icon-error-container">
    <i class="cf-icon cf-icon-cloud"></i>
    <i class="cf-icon-status cf-icon-ok"></i>
  </div>
  <span class="cf-status-desc">Seattle</span>
  <h3 class="cf-status-name">Cloudflare</h3>
  <span class="cf-status-label">Working</span>
</div>

<div id="cf-host-status" class="cf-column cf-status-item cf-host-status cf-error-source">
  <div class="cf-icon-error-container">
    <i class="cf-icon cf-icon-server"></i>
    <i class="cf-icon-status cf-icon-error"></i>
  </div>
  <span class="cf-status-desc">api.stocktwits.com</span>
  <h3 class="cf-status-name">Host</h3>
  <span class="cf-status-label">Error</span>
</div>

                </div>
              
            </div>
        </div><!-- /.status-display -->

        <div class="cf-section cf-wrapper">
            <div class="cf-columns two">
                <div class="cf-column">
                    <h2>What happened?</h2>
                    <p>The web server reported a gateway time-out error.</p>
                </div>
              
                <div class="cf-column">
                    <h2>What can I do?</h2>
                    <p>Please try again in a few minutes.</p>
                </div>
            </div>
              
        </div><!-- /.section -->

        <div class="cf-error-footer cf-wrapper">
  <p>
    <span class="cf-footer-item">Cloudflare Ray ID: <strong>57d382d35adebc9c</strong></span>
    <span class="cf-footer-separator">&bull;</span>
    <span class="cf-footer-item"><span>Your IP</span>: 2601:603:f7f:b700:6549:97f8:c0c9:8dac</span>
    <span class="cf-footer-separator">&bull;</span>
    <span class="cf-footer-item"><span>Performance &amp; security by</span> <a href="https://www.cloudflare.com/5xx-error-landing?utm_source=error_footer" id="brand_link" target="_blank">Cloudflare</a></span>
    
  </p>
</div><!-- /.error-footer -->


    </div><!-- /#cf-error-details -->
</div><!-- /#cf-wrapper -->
</body>
</html>

 
 time 2020-04-01 15:58:30.657727
json decode error: <!DOCTYPE html>
<!--[if lt IE 7]> <html class="no-js ie6 oldie" lang="en-US"> <![endif]-->
<!--[if IE 7]>    <html class="no-js ie7 oldie" lang="en-US"> <![endif]-->
<!--[if IE 8]>    <html class="no-js ie8 oldie" lang="en-US"> <![endif]-->
<!--[if gt IE 8]><!--> <html class="no-js" lang="en-US"> <!--<![endif]-->
<head>


<title>api.stocktwits.com | 504: Gateway time-out</title>
<meta charset="UTF-8" />
<meta http-equiv="Content-Type" content="text/html; charset=UTF-8" />
<meta http-equiv="X-UA-Compatible" content="IE=Edge,chrome=1" />
<meta name="robots" content="noindex, nofollow" />
<meta name="viewport" content="width=device-width,initial-scale=1,maximum-scale=1" />
<link rel="stylesheet" id="cf_styles-css" href="/cdn-cgi/styles/cf.errors.css" type="text/css" media="screen,projection" />
<!--[if lt IE 9]><link rel="stylesheet" id='cf_styles-ie-css' href="/cdn-cgi/styles/cf.errors.ie.css" type="text/css" media="screen,projection" /><![endif]-->
<style type="text/css">body{margin:0;padding:0}</style>




</head>
<body>
<div id="cf-wrapper">

    

    <div id="cf-error-details" class="cf-error-details-wrapper">
        <div class="cf-wrapper cf-error-overview">
            <h1>
              
              <span class="cf-error-type">Error</span>
              <span class="cf-error-code">504</span>
              <small class="heading-ray-id">Ray ID: 57d382d35adebc9c &bull; 2020-04-01 15:58:30 UTC</small>
            </h1>
            <h2 class="cf-subheadline">Gateway time-out</h2>
        </div><!-- /.error-overview -->
        
        <div class="cf-section cf-highlight cf-status-display">
            <div class="cf-wrapper">
                <div class="cf-columns cols-3">
                  
<div id="cf-browser-status" class="cf-column cf-status-item cf-browser-status ">
  <div class="cf-icon-error-container">
    <i class="cf-icon cf-icon-browser"></i>
    <i class="cf-icon-status cf-icon-ok"></i>
  </div>
  <span class="cf-status-desc">You</span>
  <h3 class="cf-status-name">Browser</h3>
  <span class="cf-status-label">Working</span>
</div>

<div id="cf-cloudflare-status" class="cf-column cf-status-item cf-cloudflare-status ">
  <div class="cf-icon-error-container">
    <i class="cf-icon cf-icon-cloud"></i>
    <i class="cf-icon-status cf-icon-ok"></i>
  </div>
  <span class="cf-status-desc">Seattle</span>
  <h3 class="cf-status-name">Cloudflare</h3>
  <span class="cf-status-label">Working</span>
</div>

<div id="cf-host-status" class="cf-column cf-status-item cf-host-status cf-error-source">
  <div class="cf-icon-error-container">
    <i class="cf-icon cf-icon-server"></i>
    <i class="cf-icon-status cf-icon-error"></i>
  </div>
  <span class="cf-status-desc">api.stocktwits.com</span>
  <h3 class="cf-status-name">Host</h3>
  <span class="cf-status-label">Error</span>
</div>

                </div>
              
            </div>
        </div><!-- /.status-display -->

        <div class="cf-section cf-wrapper">
            <div class="cf-columns two">
                <div class="cf-column">
                    <h2>What happened?</h2>
                    <p>The web server reported a gateway time-out error.</p>
                </div>
              
                <div class="cf-column">
                    <h2>What can I do?</h2>
                    <p>Please try again in a few minutes.</p>
                </div>
            </div>
              
        </div><!-- /.section -->

        <div class="cf-error-footer cf-wrapper">
  <p>
    <span class="cf-footer-item">Cloudflare Ray ID: <strong>57d382d35adebc9c</strong></span>
    <span class="cf-footer-separator">&bull;</span>
    <span class="cf-footer-item"><span>Your IP</span>: 2601:603:f7f:b700:6549:97f8:c0c9:8dac</span>
    <span class="cf-footer-separator">&bull;</span>
    <span class="cf-footer-item"><span>Performance &amp; security by</span> <a href="https://www.cloudflare.com/5xx-error-landing?utm_source=error_footer" id="brand_link" target="_blank">Cloudflare</a></span>
    
  </p>
</div><!-- /.error-footer -->


    </div><!-- /#cf-error-details -->
</div><!-- /#cf-wrapper -->
</body>
</html>

 
 time 2020-04-01 15:58:30.657727
json decode error: <!DOCTYPE html>
<!--[if lt IE 7]> <html class="no-js ie6 oldie" lang="en-US"> <![endif]-->
<!--[if IE 7]>    <html class="no-js ie7 oldie" lang="en-US"> <![endif]-->
<!--[if IE 8]>    <html class="no-js ie8 oldie" lang="en-US"> <![endif]-->
<!--[if gt IE 8]><!--> <html class="no-js" lang="en-US"> <!--<![endif]-->
<head>


<title>api.stocktwits.com | 504: Gateway time-out</title>
<meta charset="UTF-8" />
<meta http-equiv="Content-Type" content="text/html; charset=UTF-8" />
<meta http-equiv="X-UA-Compatible" content="IE=Edge,chrome=1" />
<meta name="robots" content="noindex, nofollow" />
<meta name="viewport" content="width=device-width,initial-scale=1,maximum-scale=1" />
<link rel="stylesheet" id="cf_styles-css" href="/cdn-cgi/styles/cf.errors.css" type="text/css" media="screen,projection" />
<!--[if lt IE 9]><link rel="stylesheet" id='cf_styles-ie-css' href="/cdn-cgi/styles/cf.errors.ie.css" type="text/css" media="screen,projection" /><![endif]-->
<style type="text/css">body{margin:0;padding:0}</style>




</head>
<body>
<div id="cf-wrapper">

    

    <div id="cf-error-details" class="cf-error-details-wrapper">
        <div class="cf-wrapper cf-error-overview">
            <h1>
              
              <span class="cf-error-type">Error</span>
              <span class="cf-error-code">504</span>
              <small class="heading-ray-id">Ray ID: 57d56723ae48df7f &bull; 2020-04-01 21:29:08 UTC</small>
            </h1>
            <h2 class="cf-subheadline">Gateway time-out</h2>
        </div><!-- /.error-overview -->
        
        <div class="cf-section cf-highlight cf-status-display">
            <div class="cf-wrapper">
                <div class="cf-columns cols-3">
                  
<div id="cf-browser-status" class="cf-column cf-status-item cf-browser-status ">
  <div class="cf-icon-error-container">
    <i class="cf-icon cf-icon-browser"></i>
    <i class="cf-icon-status cf-icon-ok"></i>
  </div>
  <span class="cf-status-desc">You</span>
  <h3 class="cf-status-name">Browser</h3>
  <span class="cf-status-label">Working</span>
</div>

<div id="cf-cloudflare-status" class="cf-column cf-status-item cf-cloudflare-status ">
  <div class="cf-icon-error-container">
    <i class="cf-icon cf-icon-cloud"></i>
    <i class="cf-icon-status cf-icon-ok"></i>
  </div>
  <span class="cf-status-desc">Seattle</span>
  <h3 class="cf-status-name">Cloudflare</h3>
  <span class="cf-status-label">Working</span>
</div>

<div id="cf-host-status" class="cf-column cf-status-item cf-host-status cf-error-source">
  <div class="cf-icon-error-container">
    <i class="cf-icon cf-icon-server"></i>
    <i class="cf-icon-status cf-icon-error"></i>
  </div>
  <span class="cf-status-desc">api.stocktwits.com</span>
  <h3 class="cf-status-name">Host</h3>
  <span class="cf-status-label">Error</span>
</div>

                </div>
              
            </div>
        </div><!-- /.status-display -->

        <div class="cf-section cf-wrapper">
            <div class="cf-columns two">
                <div class="cf-column">
                    <h2>What happened?</h2>
                    <p>The web server reported a gateway time-out error.</p>
                </div>
              
                <div class="cf-column">
                    <h2>What can I do?</h2>
                    <p>Please try again in a few minutes.</p>
                </div>
            </div>
              
        </div><!-- /.section -->

        <div class="cf-error-footer cf-wrapper">
  <p>
    <span class="cf-footer-item">Cloudflare Ray ID: <strong>57d56723ae48df7f</strong></span>
    <span class="cf-footer-separator">&bull;</span>
    <span class="cf-footer-item"><span>Your IP</span>: 2601:603:f7f:b700:6549:97f8:c0c9:8dac</span>
    <span class="cf-footer-separator">&bull;</span>
    <span class="cf-footer-item"><span>Performance &amp; security by</span> <a href="https://www.cloudflare.com/5xx-error-landing?utm_source=error_footer" id="brand_link" target="_blank">Cloudflare</a></span>
    
  </p>
</div><!-- /.error-footer -->


    </div><!-- /#cf-error-details -->
</div><!-- /#cf-wrapper -->
</body>
</html>

 
 time 2020-04-01 21:29:08.004400
json decode error: <!DOCTYPE html>
<!--[if lt IE 7]> <html class="no-js ie6 oldie" lang="en-US"> <![endif]-->
<!--[if IE 7]>    <html class="no-js ie7 oldie" lang="en-US"> <![endif]-->
<!--[if IE 8]>    <html class="no-js ie8 oldie" lang="en-US"> <![endif]-->
<!--[if gt IE 8]><!--> <html class="no-js" lang="en-US"> <!--<![endif]-->
<head>


<title>api.stocktwits.com | 504: Gateway time-out</title>
<meta charset="UTF-8" />
<meta http-equiv="Content-Type" content="text/html; charset=UTF-8" />
<meta http-equiv="X-UA-Compatible" content="IE=Edge,chrome=1" />
<meta name="robots" content="noindex, nofollow" />
<meta name="viewport" content="width=device-width,initial-scale=1,maximum-scale=1" />
<link rel="stylesheet" id="cf_styles-css" href="/cdn-cgi/styles/cf.errors.css" type="text/css" media="screen,projection" />
<!--[if lt IE 9]><link rel="stylesheet" id='cf_styles-ie-css' href="/cdn-cgi/styles/cf.errors.ie.css" type="text/css" media="screen,projection" /><![endif]-->
<style type="text/css">body{margin:0;padding:0}</style>




</head>
<body>
<div id="cf-wrapper">

    

    <div id="cf-error-details" class="cf-error-details-wrapper">
        <div class="cf-wrapper cf-error-overview">
            <h1>
              
              <span class="cf-error-type">Error</span>
              <span class="cf-error-code">504</span>
              <small class="heading-ray-id">Ray ID: 57d56723ae48df7f &bull; 2020-04-01 21:29:08 UTC</small>
            </h1>
            <h2 class="cf-subheadline">Gateway time-out</h2>
        </div><!-- /.error-overview -->
        
        <div class="cf-section cf-highlight cf-status-display">
            <div class="cf-wrapper">
                <div class="cf-columns cols-3">
                  
<div id="cf-browser-status" class="cf-column cf-status-item cf-browser-status ">
  <div class="cf-icon-error-container">
    <i class="cf-icon cf-icon-browser"></i>
    <i class="cf-icon-status cf-icon-ok"></i>
  </div>
  <span class="cf-status-desc">You</span>
  <h3 class="cf-status-name">Browser</h3>
  <span class="cf-status-label">Working</span>
</div>

<div id="cf-cloudflare-status" class="cf-column cf-status-item cf-cloudflare-status ">
  <div class="cf-icon-error-container">
    <i class="cf-icon cf-icon-cloud"></i>
    <i class="cf-icon-status cf-icon-ok"></i>
  </div>
  <span class="cf-status-desc">Seattle</span>
  <h3 class="cf-status-name">Cloudflare</h3>
  <span class="cf-status-label">Working</span>
</div>

<div id="cf-host-status" class="cf-column cf-status-item cf-host-status cf-error-source">
  <div class="cf-icon-error-container">
    <i class="cf-icon cf-icon-server"></i>
    <i class="cf-icon-status cf-icon-error"></i>
  </div>
  <span class="cf-status-desc">api.stocktwits.com</span>
  <h3 class="cf-status-name">Host</h3>
  <span class="cf-status-label">Error</span>
</div>

                </div>
              
            </div>
        </div><!-- /.status-display -->

        <div class="cf-section cf-wrapper">
            <div class="cf-columns two">
                <div class="cf-column">
                    <h2>What happened?</h2>
                    <p>The web server reported a gateway time-out error.</p>
                </div>
              
                <div class="cf-column">
                    <h2>What can I do?</h2>
                    <p>Please try again in a few minutes.</p>
                </div>
            </div>
              
        </div><!-- /.section -->

        <div class="cf-error-footer cf-wrapper">
  <p>
    <span class="cf-footer-item">Cloudflare Ray ID: <strong>57d56723ae48df7f</strong></span>
    <span class="cf-footer-separator">&bull;</span>
    <span class="cf-footer-item"><span>Your IP</span>: 2601:603:f7f:b700:6549:97f8:c0c9:8dac</span>
    <span class="cf-footer-separator">&bull;</span>
    <span class="cf-footer-item"><span>Performance &amp; security by</span> <a href="https://www.cloudflare.com/5xx-error-landing?utm_source=error_footer" id="brand_link" target="_blank">Cloudflare</a></span>
    
  </p>
</div><!-- /.error-footer -->


    </div><!-- /#cf-error-details -->
</div><!-- /#cf-wrapper -->
</body>
</html>

 
 time 2020-04-01 21:29:08.004400
json decode error: <!DOCTYPE html>
<!--[if lt IE 7]> <html class="no-js ie6 oldie" lang="en-US"> <![endif]-->
<!--[if IE 7]>    <html class="no-js ie7 oldie" lang="en-US"> <![endif]-->
<!--[if IE 8]>    <html class="no-js ie8 oldie" lang="en-US"> <![endif]-->
<!--[if gt IE 8]><!--> <html class="no-js" lang="en-US"> <!--<![endif]-->
<head>


<title>api.stocktwits.com | 504: Gateway time-out</title>
<meta charset="UTF-8" />
<meta http-equiv="Content-Type" content="text/html; charset=UTF-8" />
<meta http-equiv="X-UA-Compatible" content="IE=Edge,chrome=1" />
<meta name="robots" content="noindex, nofollow" />
<meta name="viewport" content="width=device-width,initial-scale=1,maximum-scale=1" />
<link rel="stylesheet" id="cf_styles-css" href="/cdn-cgi/styles/cf.errors.css" type="text/css" media="screen,projection" />
<!--[if lt IE 9]><link rel="stylesheet" id='cf_styles-ie-css' href="/cdn-cgi/styles/cf.errors.ie.css" type="text/css" media="screen,projection" /><![endif]-->
<style type="text/css">body{margin:0;padding:0}</style>




</head>
<body>
<div id="cf-wrapper">

    

    <div id="cf-error-details" class="cf-error-details-wrapper">
        <div class="cf-wrapper cf-error-overview">
            <h1>
              
              <span class="cf-error-type">Error</span>
              <span class="cf-error-code">504</span>
              <small class="heading-ray-id">Ray ID: 57d6adb43c30c989 &bull; 2020-04-02 01:12:04 UTC</small>
            </h1>
            <h2 class="cf-subheadline">Gateway time-out</h2>
        </div><!-- /.error-overview -->
        
        <div class="cf-section cf-highlight cf-status-display">
            <div class="cf-wrapper">
                <div class="cf-columns cols-3">
                  
<div id="cf-browser-status" class="cf-column cf-status-item cf-browser-status ">
  <div class="cf-icon-error-container">
    <i class="cf-icon cf-icon-browser"></i>
    <i class="cf-icon-status cf-icon-ok"></i>
  </div>
  <span class="cf-status-desc">You</span>
  <h3 class="cf-status-name">Browser</h3>
  <span class="cf-status-label">Working</span>
</div>

<div id="cf-cloudflare-status" class="cf-column cf-status-item cf-cloudflare-status ">
  <div class="cf-icon-error-container">
    <i class="cf-icon cf-icon-cloud"></i>
    <i class="cf-icon-status cf-icon-ok"></i>
  </div>
  <span class="cf-status-desc">Seattle</span>
  <h3 class="cf-status-name">Cloudflare</h3>
  <span class="cf-status-label">Working</span>
</div>

<div id="cf-host-status" class="cf-column cf-status-item cf-host-status cf-error-source">
  <div class="cf-icon-error-container">
    <i class="cf-icon cf-icon-server"></i>
    <i class="cf-icon-status cf-icon-error"></i>
  </div>
  <span class="cf-status-desc">api.stocktwits.com</span>
  <h3 class="cf-status-name">Host</h3>
  <span class="cf-status-label">Error</span>
</div>

                </div>
              
            </div>
        </div><!-- /.status-display -->

        <div class="cf-section cf-wrapper">
            <div class="cf-columns two">
                <div class="cf-column">
                    <h2>What happened?</h2>
                    <p>The web server reported a gateway time-out error.</p>
                </div>
              
                <div class="cf-column">
                    <h2>What can I do?</h2>
                    <p>Please try again in a few minutes.</p>
                </div>
            </div>
              
        </div><!-- /.section -->

        <div class="cf-error-footer cf-wrapper">
  <p>
    <span class="cf-footer-item">Cloudflare Ray ID: <strong>57d6adb43c30c989</strong></span>
    <span class="cf-footer-separator">&bull;</span>
    <span class="cf-footer-item"><span>Your IP</span>: 2601:603:f7f:b700:6549:97f8:c0c9:8dac</span>
    <span class="cf-footer-separator">&bull;</span>
    <span class="cf-footer-item"><span>Performance &amp; security by</span> <a href="https://www.cloudflare.com/5xx-error-landing?utm_source=error_footer" id="brand_link" target="_blank">Cloudflare</a></span>
    
  </p>
</div><!-- /.error-footer -->


    </div><!-- /#cf-error-details -->
</div><!-- /#cf-wrapper -->
</body>
</html>

 
 time 2020-04-02 01:12:03.980292
json decode error: <!DOCTYPE html>
<!--[if lt IE 7]> <html class="no-js ie6 oldie" lang="en-US"> <![endif]-->
<!--[if IE 7]>    <html class="no-js ie7 oldie" lang="en-US"> <![endif]-->
<!--[if IE 8]>    <html class="no-js ie8 oldie" lang="en-US"> <![endif]-->
<!--[if gt IE 8]><!--> <html class="no-js" lang="en-US"> <!--<![endif]-->
<head>


<title>api.stocktwits.com | 504: Gateway time-out</title>
<meta charset="UTF-8" />
<meta http-equiv="Content-Type" content="text/html; charset=UTF-8" />
<meta http-equiv="X-UA-Compatible" content="IE=Edge,chrome=1" />
<meta name="robots" content="noindex, nofollow" />
<meta name="viewport" content="width=device-width,initial-scale=1,maximum-scale=1" />
<link rel="stylesheet" id="cf_styles-css" href="/cdn-cgi/styles/cf.errors.css" type="text/css" media="screen,projection" />
<!--[if lt IE 9]><link rel="stylesheet" id='cf_styles-ie-css' href="/cdn-cgi/styles/cf.errors.ie.css" type="text/css" media="screen,projection" /><![endif]-->
<style type="text/css">body{margin:0;padding:0}</style>




</head>
<body>
<div id="cf-wrapper">

    

    <div id="cf-error-details" class="cf-error-details-wrapper">
        <div class="cf-wrapper cf-error-overview">
            <h1>
              
              <span class="cf-error-type">Error</span>
              <span class="cf-error-code">504</span>
              <small class="heading-ray-id">Ray ID: 57d6adb43c30c989 &bull; 2020-04-02 01:12:04 UTC</small>
            </h1>
            <h2 class="cf-subheadline">Gateway time-out</h2>
        </div><!-- /.error-overview -->
        
        <div class="cf-section cf-highlight cf-status-display">
            <div class="cf-wrapper">
                <div class="cf-columns cols-3">
                  
<div id="cf-browser-status" class="cf-column cf-status-item cf-browser-status ">
  <div class="cf-icon-error-container">
    <i class="cf-icon cf-icon-browser"></i>
    <i class="cf-icon-status cf-icon-ok"></i>
  </div>
  <span class="cf-status-desc">You</span>
  <h3 class="cf-status-name">Browser</h3>
  <span class="cf-status-label">Working</span>
</div>

<div id="cf-cloudflare-status" class="cf-column cf-status-item cf-cloudflare-status ">
  <div class="cf-icon-error-container">
    <i class="cf-icon cf-icon-cloud"></i>
    <i class="cf-icon-status cf-icon-ok"></i>
  </div>
  <span class="cf-status-desc">Seattle</span>
  <h3 class="cf-status-name">Cloudflare</h3>
  <span class="cf-status-label">Working</span>
</div>

<div id="cf-host-status" class="cf-column cf-status-item cf-host-status cf-error-source">
  <div class="cf-icon-error-container">
    <i class="cf-icon cf-icon-server"></i>
    <i class="cf-icon-status cf-icon-error"></i>
  </div>
  <span class="cf-status-desc">api.stocktwits.com</span>
  <h3 class="cf-status-name">Host</h3>
  <span class="cf-status-label">Error</span>
</div>

                </div>
              
            </div>
        </div><!-- /.status-display -->

        <div class="cf-section cf-wrapper">
            <div class="cf-columns two">
                <div class="cf-column">
                    <h2>What happened?</h2>
                    <p>The web server reported a gateway time-out error.</p>
                </div>
              
                <div class="cf-column">
                    <h2>What can I do?</h2>
                    <p>Please try again in a few minutes.</p>
                </div>
            </div>
              
        </div><!-- /.section -->

        <div class="cf-error-footer cf-wrapper">
  <p>
    <span class="cf-footer-item">Cloudflare Ray ID: <strong>57d6adb43c30c989</strong></span>
    <span class="cf-footer-separator">&bull;</span>
    <span class="cf-footer-item"><span>Your IP</span>: 2601:603:f7f:b700:6549:97f8:c0c9:8dac</span>
    <span class="cf-footer-separator">&bull;</span>
    <span class="cf-footer-item"><span>Performance &amp; security by</span> <a href="https://www.cloudflare.com/5xx-error-landing?utm_source=error_footer" id="brand_link" target="_blank">Cloudflare</a></span>
    
  </p>
</div><!-- /.error-footer -->


    </div><!-- /#cf-error-details -->
</div><!-- /#cf-wrapper -->
</body>
</html>

 
 time 2020-04-02 01:12:03.980292
json decode error: <!DOCTYPE html>
<!--[if lt IE 7]> <html class="no-js ie6 oldie" lang="en-US"> <![endif]-->
<!--[if IE 7]>    <html class="no-js ie7 oldie" lang="en-US"> <![endif]-->
<!--[if IE 8]>    <html class="no-js ie8 oldie" lang="en-US"> <![endif]-->
<!--[if gt IE 8]><!--> <html class="no-js" lang="en-US"> <!--<![endif]-->
<head>


<title>api.stocktwits.com | 504: Gateway time-out</title>
<meta charset="UTF-8" />
<meta http-equiv="Content-Type" content="text/html; charset=UTF-8" />
<meta http-equiv="X-UA-Compatible" content="IE=Edge,chrome=1" />
<meta name="robots" content="noindex, nofollow" />
<meta name="viewport" content="width=device-width,initial-scale=1,maximum-scale=1" />
<link rel="stylesheet" id="cf_styles-css" href="/cdn-cgi/styles/cf.errors.css" type="text/css" media="screen,projection" />
<!--[if lt IE 9]><link rel="stylesheet" id='cf_styles-ie-css' href="/cdn-cgi/styles/cf.errors.ie.css" type="text/css" media="screen,projection" /><![endif]-->
<style type="text/css">body{margin:0;padding:0}</style>




</head>
<body>
<div id="cf-wrapper">

    

    <div id="cf-error-details" class="cf-error-details-wrapper">
        <div class="cf-wrapper cf-error-overview">
            <h1>
              
              <span class="cf-error-type">Error</span>
              <span class="cf-error-code">504</span>
              <small class="heading-ray-id">Ray ID: 57db947e09a3dee5 &bull; 2020-04-02 15:28:40 UTC</small>
            </h1>
            <h2 class="cf-subheadline">Gateway time-out</h2>
        </div><!-- /.error-overview -->
        
        <div class="cf-section cf-highlight cf-status-display">
            <div class="cf-wrapper">
                <div class="cf-columns cols-3">
                  
<div id="cf-browser-status" class="cf-column cf-status-item cf-browser-status ">
  <div class="cf-icon-error-container">
    <i class="cf-icon cf-icon-browser"></i>
    <i class="cf-icon-status cf-icon-ok"></i>
  </div>
  <span class="cf-status-desc">You</span>
  <h3 class="cf-status-name">Browser</h3>
  <span class="cf-status-label">Working</span>
</div>

<div id="cf-cloudflare-status" class="cf-column cf-status-item cf-cloudflare-status ">
  <div class="cf-icon-error-container">
    <i class="cf-icon cf-icon-cloud"></i>
    <i class="cf-icon-status cf-icon-ok"></i>
  </div>
  <span class="cf-status-desc">Seattle</span>
  <h3 class="cf-status-name">Cloudflare</h3>
  <span class="cf-status-label">Working</span>
</div>

<div id="cf-host-status" class="cf-column cf-status-item cf-host-status cf-error-source">
  <div class="cf-icon-error-container">
    <i class="cf-icon cf-icon-server"></i>
    <i class="cf-icon-status cf-icon-error"></i>
  </div>
  <span class="cf-status-desc">api.stocktwits.com</span>
  <h3 class="cf-status-name">Host</h3>
  <span class="cf-status-label">Error</span>
</div>

                </div>
              
            </div>
        </div><!-- /.status-display -->

        <div class="cf-section cf-wrapper">
            <div class="cf-columns two">
                <div class="cf-column">
                    <h2>What happened?</h2>
                    <p>The web server reported a gateway time-out error.</p>
                </div>
              
                <div class="cf-column">
                    <h2>What can I do?</h2>
                    <p>Please try again in a few minutes.</p>
                </div>
            </div>
              
        </div><!-- /.section -->

        <div class="cf-error-footer cf-wrapper">
  <p>
    <span class="cf-footer-item">Cloudflare Ray ID: <strong>57db947e09a3dee5</strong></span>
    <span class="cf-footer-separator">&bull;</span>
    <span class="cf-footer-item"><span>Your IP</span>: 2601:603:f7f:b700:dd17:7f8f:ba48:aff2</span>
    <span class="cf-footer-separator">&bull;</span>
    <span class="cf-footer-item"><span>Performance &amp; security by</span> <a href="https://www.cloudflare.com/5xx-error-landing?utm_source=error_footer" id="brand_link" target="_blank">Cloudflare</a></span>
    
  </p>
</div><!-- /.error-footer -->


    </div><!-- /#cf-error-details -->
</div><!-- /#cf-wrapper -->
</body>
</html>

 
 time 2020-04-02 15:28:40.371638
json decode error: <!DOCTYPE html>
<!--[if lt IE 7]> <html class="no-js ie6 oldie" lang="en-US"> <![endif]-->
<!--[if IE 7]>    <html class="no-js ie7 oldie" lang="en-US"> <![endif]-->
<!--[if IE 8]>    <html class="no-js ie8 oldie" lang="en-US"> <![endif]-->
<!--[if gt IE 8]><!--> <html class="no-js" lang="en-US"> <!--<![endif]-->
<head>


<title>api.stocktwits.com | 504: Gateway time-out</title>
<meta charset="UTF-8" />
<meta http-equiv="Content-Type" content="text/html; charset=UTF-8" />
<meta http-equiv="X-UA-Compatible" content="IE=Edge,chrome=1" />
<meta name="robots" content="noindex, nofollow" />
<meta name="viewport" content="width=device-width,initial-scale=1,maximum-scale=1" />
<link rel="stylesheet" id="cf_styles-css" href="/cdn-cgi/styles/cf.errors.css" type="text/css" media="screen,projection" />
<!--[if lt IE 9]><link rel="stylesheet" id='cf_styles-ie-css' href="/cdn-cgi/styles/cf.errors.ie.css" type="text/css" media="screen,projection" /><![endif]-->
<style type="text/css">body{margin:0;padding:0}</style>




</head>
<body>
<div id="cf-wrapper">

    

    <div id="cf-error-details" class="cf-error-details-wrapper">
        <div class="cf-wrapper cf-error-overview">
            <h1>
              
              <span class="cf-error-type">Error</span>
              <span class="cf-error-code">504</span>
              <small class="heading-ray-id">Ray ID: 57dbda2edaf0bb64 &bull; 2020-04-02 16:16:15 UTC</small>
            </h1>
            <h2 class="cf-subheadline">Gateway time-out</h2>
        </div><!-- /.error-overview -->
        
        <div class="cf-section cf-highlight cf-status-display">
            <div class="cf-wrapper">
                <div class="cf-columns cols-3">
                  
<div id="cf-browser-status" class="cf-column cf-status-item cf-browser-status ">
  <div class="cf-icon-error-container">
    <i class="cf-icon cf-icon-browser"></i>
    <i class="cf-icon-status cf-icon-ok"></i>
  </div>
  <span class="cf-status-desc">You</span>
  <h3 class="cf-status-name">Browser</h3>
  <span class="cf-status-label">Working</span>
</div>

<div id="cf-cloudflare-status" class="cf-column cf-status-item cf-cloudflare-status ">
  <div class="cf-icon-error-container">
    <i class="cf-icon cf-icon-cloud"></i>
    <i class="cf-icon-status cf-icon-ok"></i>
  </div>
  <span class="cf-status-desc">Seattle</span>
  <h3 class="cf-status-name">Cloudflare</h3>
  <span class="cf-status-label">Working</span>
</div>

<div id="cf-host-status" class="cf-column cf-status-item cf-host-status cf-error-source">
  <div class="cf-icon-error-container">
    <i class="cf-icon cf-icon-server"></i>
    <i class="cf-icon-status cf-icon-error"></i>
  </div>
  <span class="cf-status-desc">api.stocktwits.com</span>
  <h3 class="cf-status-name">Host</h3>
  <span class="cf-status-label">Error</span>
</div>

                </div>
              
            </div>
        </div><!-- /.status-display -->

        <div class="cf-section cf-wrapper">
            <div class="cf-columns two">
                <div class="cf-column">
                    <h2>What happened?</h2>
                    <p>The web server reported a gateway time-out error.</p>
                </div>
              
                <div class="cf-column">
                    <h2>What can I do?</h2>
                    <p>Please try again in a few minutes.</p>
                </div>
            </div>
              
        </div><!-- /.section -->

        <div class="cf-error-footer cf-wrapper">
  <p>
    <span class="cf-footer-item">Cloudflare Ray ID: <strong>57dbda2edaf0bb64</strong></span>
    <span class="cf-footer-separator">&bull;</span>
    <span class="cf-footer-item"><span>Your IP</span>: 2601:603:f7f:b700:dd17:7f8f:ba48:aff2</span>
    <span class="cf-footer-separator">&bull;</span>
    <span class="cf-footer-item"><span>Performance &amp; security by</span> <a href="https://www.cloudflare.com/5xx-error-landing?utm_source=error_footer" id="brand_link" target="_blank">Cloudflare</a></span>
    
  </p>
</div><!-- /.error-footer -->


    </div><!-- /#cf-error-details -->
</div><!-- /#cf-wrapper -->
</body>
</html>

 
 time 2020-04-02 16:16:14.890819
json decode error: <!DOCTYPE html>
<!--[if lt IE 7]> <html class="no-js ie6 oldie" lang="en-US"> <![endif]-->
<!--[if IE 7]>    <html class="no-js ie7 oldie" lang="en-US"> <![endif]-->
<!--[if IE 8]>    <html class="no-js ie8 oldie" lang="en-US"> <![endif]-->
<!--[if gt IE 8]><!--> <html class="no-js" lang="en-US"> <!--<![endif]-->
<head>


<title>api.stocktwits.com | 504: Gateway time-out</title>
<meta charset="UTF-8" />
<meta http-equiv="Content-Type" content="text/html; charset=UTF-8" />
<meta http-equiv="X-UA-Compatible" content="IE=Edge,chrome=1" />
<meta name="robots" content="noindex, nofollow" />
<meta name="viewport" content="width=device-width,initial-scale=1,maximum-scale=1" />
<link rel="stylesheet" id="cf_styles-css" href="/cdn-cgi/styles/cf.errors.css" type="text/css" media="screen,projection" />
<!--[if lt IE 9]><link rel="stylesheet" id='cf_styles-ie-css' href="/cdn-cgi/styles/cf.errors.ie.css" type="text/css" media="screen,projection" /><![endif]-->
<style type="text/css">body{margin:0;padding:0}</style>




</head>
<body>
<div id="cf-wrapper">

    

    <div id="cf-error-details" class="cf-error-details-wrapper">
        <div class="cf-wrapper cf-error-overview">
            <h1>
              
              <span class="cf-error-type">Error</span>
              <span class="cf-error-code">504</span>
              <small class="heading-ray-id">Ray ID: 57dc2088e9c0e162 &bull; 2020-04-02 17:04:16 UTC</small>
            </h1>
            <h2 class="cf-subheadline">Gateway time-out</h2>
        </div><!-- /.error-overview -->
        
        <div class="cf-section cf-highlight cf-status-display">
            <div class="cf-wrapper">
                <div class="cf-columns cols-3">
                  
<div id="cf-browser-status" class="cf-column cf-status-item cf-browser-status ">
  <div class="cf-icon-error-container">
    <i class="cf-icon cf-icon-browser"></i>
    <i class="cf-icon-status cf-icon-ok"></i>
  </div>
  <span class="cf-status-desc">You</span>
  <h3 class="cf-status-name">Browser</h3>
  <span class="cf-status-label">Working</span>
</div>

<div id="cf-cloudflare-status" class="cf-column cf-status-item cf-cloudflare-status ">
  <div class="cf-icon-error-container">
    <i class="cf-icon cf-icon-cloud"></i>
    <i class="cf-icon-status cf-icon-ok"></i>
  </div>
  <span class="cf-status-desc">Seattle</span>
  <h3 class="cf-status-name">Cloudflare</h3>
  <span class="cf-status-label">Working</span>
</div>

<div id="cf-host-status" class="cf-column cf-status-item cf-host-status cf-error-source">
  <div class="cf-icon-error-container">
    <i class="cf-icon cf-icon-server"></i>
    <i class="cf-icon-status cf-icon-error"></i>
  </div>
  <span class="cf-status-desc">api.stocktwits.com</span>
  <h3 class="cf-status-name">Host</h3>
  <span class="cf-status-label">Error</span>
</div>

                </div>
              
            </div>
        </div><!-- /.status-display -->

        <div class="cf-section cf-wrapper">
            <div class="cf-columns two">
                <div class="cf-column">
                    <h2>What happened?</h2>
                    <p>The web server reported a gateway time-out error.</p>
                </div>
              
                <div class="cf-column">
                    <h2>What can I do?</h2>
                    <p>Please try again in a few minutes.</p>
                </div>
            </div>
              
        </div><!-- /.section -->

        <div class="cf-error-footer cf-wrapper">
  <p>
    <span class="cf-footer-item">Cloudflare Ray ID: <strong>57dc2088e9c0e162</strong></span>
    <span class="cf-footer-separator">&bull;</span>
    <span class="cf-footer-item"><span>Your IP</span>: 2601:603:f7f:b700:dd17:7f8f:ba48:aff2</span>
    <span class="cf-footer-separator">&bull;</span>
    <span class="cf-footer-item"><span>Performance &amp; security by</span> <a href="https://www.cloudflare.com/5xx-error-landing?utm_source=error_footer" id="brand_link" target="_blank">Cloudflare</a></span>
    
  </p>
</div><!-- /.error-footer -->


    </div><!-- /#cf-error-details -->
</div><!-- /#cf-wrapper -->
</body>
</html>

 
 time 2020-04-02 17:04:16.472659
json decode error: <!DOCTYPE html>
<!--[if lt IE 7]> <html class="no-js ie6 oldie" lang="en-US"> <![endif]-->
<!--[if IE 7]>    <html class="no-js ie7 oldie" lang="en-US"> <![endif]-->
<!--[if IE 8]>    <html class="no-js ie8 oldie" lang="en-US"> <![endif]-->
<!--[if gt IE 8]><!--> <html class="no-js" lang="en-US"> <!--<![endif]-->
<head>


<title>api.stocktwits.com | 504: Gateway time-out</title>
<meta charset="UTF-8" />
<meta http-equiv="Content-Type" content="text/html; charset=UTF-8" />
<meta http-equiv="X-UA-Compatible" content="IE=Edge,chrome=1" />
<meta name="robots" content="noindex, nofollow" />
<meta name="viewport" content="width=device-width,initial-scale=1,maximum-scale=1" />
<link rel="stylesheet" id="cf_styles-css" href="/cdn-cgi/styles/cf.errors.css" type="text/css" media="screen,projection" />
<!--[if lt IE 9]><link rel="stylesheet" id='cf_styles-ie-css' href="/cdn-cgi/styles/cf.errors.ie.css" type="text/css" media="screen,projection" /><![endif]-->
<style type="text/css">body{margin:0;padding:0}</style>




</head>
<body>
<div id="cf-wrapper">

    

    <div id="cf-error-details" class="cf-error-details-wrapper">
        <div class="cf-wrapper cf-error-overview">
            <h1>
              
              <span class="cf-error-type">Error</span>
              <span class="cf-error-code">504</span>
              <small class="heading-ray-id">Ray ID: 57dc4d7238c3dee1 &bull; 2020-04-02 17:34:56 UTC</small>
            </h1>
            <h2 class="cf-subheadline">Gateway time-out</h2>
        </div><!-- /.error-overview -->
        
        <div class="cf-section cf-highlight cf-status-display">
            <div class="cf-wrapper">
                <div class="cf-columns cols-3">
                  
<div id="cf-browser-status" class="cf-column cf-status-item cf-browser-status ">
  <div class="cf-icon-error-container">
    <i class="cf-icon cf-icon-browser"></i>
    <i class="cf-icon-status cf-icon-ok"></i>
  </div>
  <span class="cf-status-desc">You</span>
  <h3 class="cf-status-name">Browser</h3>
  <span class="cf-status-label">Working</span>
</div>

<div id="cf-cloudflare-status" class="cf-column cf-status-item cf-cloudflare-status ">
  <div class="cf-icon-error-container">
    <i class="cf-icon cf-icon-cloud"></i>
    <i class="cf-icon-status cf-icon-ok"></i>
  </div>
  <span class="cf-status-desc">Seattle</span>
  <h3 class="cf-status-name">Cloudflare</h3>
  <span class="cf-status-label">Working</span>
</div>

<div id="cf-host-status" class="cf-column cf-status-item cf-host-status cf-error-source">
  <div class="cf-icon-error-container">
    <i class="cf-icon cf-icon-server"></i>
    <i class="cf-icon-status cf-icon-error"></i>
  </div>
  <span class="cf-status-desc">api.stocktwits.com</span>
  <h3 class="cf-status-name">Host</h3>
  <span class="cf-status-label">Error</span>
</div>

                </div>
              
            </div>
        </div><!-- /.status-display -->

        <div class="cf-section cf-wrapper">
            <div class="cf-columns two">
                <div class="cf-column">
                    <h2>What happened?</h2>
                    <p>The web server reported a gateway time-out error.</p>
                </div>
              
                <div class="cf-column">
                    <h2>What can I do?</h2>
                    <p>Please try again in a few minutes.</p>
                </div>
            </div>
              
        </div><!-- /.section -->

        <div class="cf-error-footer cf-wrapper">
  <p>
    <span class="cf-footer-item">Cloudflare Ray ID: <strong>57dc4d7238c3dee1</strong></span>
    <span class="cf-footer-separator">&bull;</span>
    <span class="cf-footer-item"><span>Your IP</span>: 2601:603:f7f:b700:dd17:7f8f:ba48:aff2</span>
    <span class="cf-footer-separator">&bull;</span>
    <span class="cf-footer-item"><span>Performance &amp; security by</span> <a href="https://www.cloudflare.com/5xx-error-landing?utm_source=error_footer" id="brand_link" target="_blank">Cloudflare</a></span>
    
  </p>
</div><!-- /.error-footer -->


    </div><!-- /#cf-error-details -->
</div><!-- /#cf-wrapper -->
</body>
</html>

 
 time 2020-04-02 17:34:56.052602
json decode error: <!DOCTYPE html>
<!--[if lt IE 7]> <html class="no-js ie6 oldie" lang="en-US"> <![endif]-->
<!--[if IE 7]>    <html class="no-js ie7 oldie" lang="en-US"> <![endif]-->
<!--[if IE 8]>    <html class="no-js ie8 oldie" lang="en-US"> <![endif]-->
<!--[if gt IE 8]><!--> <html class="no-js" lang="en-US"> <!--<![endif]-->
<head>


<title>api.stocktwits.com | 504: Gateway time-out</title>
<meta charset="UTF-8" />
<meta http-equiv="Content-Type" content="text/html; charset=UTF-8" />
<meta http-equiv="X-UA-Compatible" content="IE=Edge,chrome=1" />
<meta name="robots" content="noindex, nofollow" />
<meta name="viewport" content="width=device-width,initial-scale=1,maximum-scale=1" />
<link rel="stylesheet" id="cf_styles-css" href="/cdn-cgi/styles/cf.errors.css" type="text/css" media="screen,projection" />
<!--[if lt IE 9]><link rel="stylesheet" id='cf_styles-ie-css' href="/cdn-cgi/styles/cf.errors.ie.css" type="text/css" media="screen,projection" /><![endif]-->
<style type="text/css">body{margin:0;padding:0}</style>




</head>
<body>
<div id="cf-wrapper">

    

    <div id="cf-error-details" class="cf-error-details-wrapper">
        <div class="cf-wrapper cf-error-overview">
            <h1>
              
              <span class="cf-error-type">Error</span>
              <span class="cf-error-code">504</span>
              <small class="heading-ray-id">Ray ID: 57dd3b8abee7bcb4 &bull; 2020-04-02 20:17:28 UTC</small>
            </h1>
            <h2 class="cf-subheadline">Gateway time-out</h2>
        </div><!-- /.error-overview -->
        
        <div class="cf-section cf-highlight cf-status-display">
            <div class="cf-wrapper">
                <div class="cf-columns cols-3">
                  
<div id="cf-browser-status" class="cf-column cf-status-item cf-browser-status ">
  <div class="cf-icon-error-container">
    <i class="cf-icon cf-icon-browser"></i>
    <i class="cf-icon-status cf-icon-ok"></i>
  </div>
  <span class="cf-status-desc">You</span>
  <h3 class="cf-status-name">Browser</h3>
  <span class="cf-status-label">Working</span>
</div>

<div id="cf-cloudflare-status" class="cf-column cf-status-item cf-cloudflare-status ">
  <div class="cf-icon-error-container">
    <i class="cf-icon cf-icon-cloud"></i>
    <i class="cf-icon-status cf-icon-ok"></i>
  </div>
  <span class="cf-status-desc">Seattle</span>
  <h3 class="cf-status-name">Cloudflare</h3>
  <span class="cf-status-label">Working</span>
</div>

<div id="cf-host-status" class="cf-column cf-status-item cf-host-status cf-error-source">
  <div class="cf-icon-error-container">
    <i class="cf-icon cf-icon-server"></i>
    <i class="cf-icon-status cf-icon-error"></i>
  </div>
  <span class="cf-status-desc">api.stocktwits.com</span>
  <h3 class="cf-status-name">Host</h3>
  <span class="cf-status-label">Error</span>
</div>

                </div>
              
            </div>
        </div><!-- /.status-display -->

        <div class="cf-section cf-wrapper">
            <div class="cf-columns two">
                <div class="cf-column">
                    <h2>What happened?</h2>
                    <p>The web server reported a gateway time-out error.</p>
                </div>
              
                <div class="cf-column">
                    <h2>What can I do?</h2>
                    <p>Please try again in a few minutes.</p>
                </div>
            </div>
              
        </div><!-- /.section -->

        <div class="cf-error-footer cf-wrapper">
  <p>
    <span class="cf-footer-item">Cloudflare Ray ID: <strong>57dd3b8abee7bcb4</strong></span>
    <span class="cf-footer-separator">&bull;</span>
    <span class="cf-footer-item"><span>Your IP</span>: 2601:603:f7f:b700:dd17:7f8f:ba48:aff2</span>
    <span class="cf-footer-separator">&bull;</span>
    <span class="cf-footer-item"><span>Performance &amp; security by</span> <a href="https://www.cloudflare.com/5xx-error-landing?utm_source=error_footer" id="brand_link" target="_blank">Cloudflare</a></span>
    
  </p>
</div><!-- /.error-footer -->


    </div><!-- /#cf-error-details -->
</div><!-- /#cf-wrapper -->
</body>
</html>

 
 time 2020-04-02 20:17:28.358330
json decode error: <!DOCTYPE html>
<!--[if lt IE 7]> <html class="no-js ie6 oldie" lang="en-US"> <![endif]-->
<!--[if IE 7]>    <html class="no-js ie7 oldie" lang="en-US"> <![endif]-->
<!--[if IE 8]>    <html class="no-js ie8 oldie" lang="en-US"> <![endif]-->
<!--[if gt IE 8]><!--> <html class="no-js" lang="en-US"> <!--<![endif]-->
<head>


<title>api.stocktwits.com | 504: Gateway time-out</title>
<meta charset="UTF-8" />
<meta http-equiv="Content-Type" content="text/html; charset=UTF-8" />
<meta http-equiv="X-UA-Compatible" content="IE=Edge,chrome=1" />
<meta name="robots" content="noindex, nofollow" />
<meta name="viewport" content="width=device-width,initial-scale=1,maximum-scale=1" />
<link rel="stylesheet" id="cf_styles-css" href="/cdn-cgi/styles/cf.errors.css" type="text/css" media="screen,projection" />
<!--[if lt IE 9]><link rel="stylesheet" id='cf_styles-ie-css' href="/cdn-cgi/styles/cf.errors.ie.css" type="text/css" media="screen,projection" /><![endif]-->
<style type="text/css">body{margin:0;padding:0}</style>




</head>
<body>
<div id="cf-wrapper">

    

    <div id="cf-error-details" class="cf-error-details-wrapper">
        <div class="cf-wrapper cf-error-overview">
            <h1>
              
              <span class="cf-error-type">Error</span>
              <span class="cf-error-code">504</span>
              <small class="heading-ray-id">Ray ID: 57e7dbd5d8c7e37e &bull; 2020-04-04 03:14:31 UTC</small>
            </h1>
            <h2 class="cf-subheadline">Gateway time-out</h2>
        </div><!-- /.error-overview -->
        
        <div class="cf-section cf-highlight cf-status-display">
            <div class="cf-wrapper">
                <div class="cf-columns cols-3">
                  
<div id="cf-browser-status" class="cf-column cf-status-item cf-browser-status ">
  <div class="cf-icon-error-container">
    <i class="cf-icon cf-icon-browser"></i>
    <i class="cf-icon-status cf-icon-ok"></i>
  </div>
  <span class="cf-status-desc">You</span>
  <h3 class="cf-status-name">Browser</h3>
  <span class="cf-status-label">Working</span>
</div>

<div id="cf-cloudflare-status" class="cf-column cf-status-item cf-cloudflare-status ">
  <div class="cf-icon-error-container">
    <i class="cf-icon cf-icon-cloud"></i>
    <i class="cf-icon-status cf-icon-ok"></i>
  </div>
  <span class="cf-status-desc">Seattle</span>
  <h3 class="cf-status-name">Cloudflare</h3>
  <span class="cf-status-label">Working</span>
</div>

<div id="cf-host-status" class="cf-column cf-status-item cf-host-status cf-error-source">
  <div class="cf-icon-error-container">
    <i class="cf-icon cf-icon-server"></i>
    <i class="cf-icon-status cf-icon-error"></i>
  </div>
  <span class="cf-status-desc">api.stocktwits.com</span>
  <h3 class="cf-status-name">Host</h3>
  <span class="cf-status-label">Error</span>
</div>

                </div>
              
            </div>
        </div><!-- /.status-display -->

        <div class="cf-section cf-wrapper">
            <div class="cf-columns two">
                <div class="cf-column">
                    <h2>What happened?</h2>
                    <p>The web server reported a gateway time-out error.</p>
                </div>
              
                <div class="cf-column">
                    <h2>What can I do?</h2>
                    <p>Please try again in a few minutes.</p>
                </div>
            </div>
              
        </div><!-- /.section -->

        <div class="cf-error-footer cf-wrapper">
  <p>
    <span class="cf-footer-item">Cloudflare Ray ID: <strong>57e7dbd5d8c7e37e</strong></span>
    <span class="cf-footer-separator">&bull;</span>
    <span class="cf-footer-item"><span>Your IP</span>: 2601:603:f7f:b700:904c:ec91:a907:e9a7</span>
    <span class="cf-footer-separator">&bull;</span>
    <span class="cf-footer-item"><span>Performance &amp; security by</span> <a href="https://www.cloudflare.com/5xx-error-landing?utm_source=error_footer" id="brand_link" target="_blank">Cloudflare</a></span>
    
  </p>
</div><!-- /.error-footer -->


    </div><!-- /#cf-error-details -->
</div><!-- /#cf-wrapper -->
</body>
</html>

 
 time 2020-04-04 03:14:31.778996
json decode error: <!DOCTYPE html>
<!--[if lt IE 7]> <html class="no-js ie6 oldie" lang="en-US"> <![endif]-->
<!--[if IE 7]>    <html class="no-js ie7 oldie" lang="en-US"> <![endif]-->
<!--[if IE 8]>    <html class="no-js ie8 oldie" lang="en-US"> <![endif]-->
<!--[if gt IE 8]><!--> <html class="no-js" lang="en-US"> <!--<![endif]-->
<head>


<title>api.stocktwits.com | 504: Gateway time-out</title>
<meta charset="UTF-8" />
<meta http-equiv="Content-Type" content="text/html; charset=UTF-8" />
<meta http-equiv="X-UA-Compatible" content="IE=Edge,chrome=1" />
<meta name="robots" content="noindex, nofollow" />
<meta name="viewport" content="width=device-width,initial-scale=1,maximum-scale=1" />
<link rel="stylesheet" id="cf_styles-css" href="/cdn-cgi/styles/cf.errors.css" type="text/css" media="screen,projection" />
<!--[if lt IE 9]><link rel="stylesheet" id='cf_styles-ie-css' href="/cdn-cgi/styles/cf.errors.ie.css" type="text/css" media="screen,projection" /><![endif]-->
<style type="text/css">body{margin:0;padding:0}</style>




</head>
<body>
<div id="cf-wrapper">

    

    <div id="cf-error-details" class="cf-error-details-wrapper">
        <div class="cf-wrapper cf-error-overview">
            <h1>
              
              <span class="cf-error-type">Error</span>
              <span class="cf-error-code">504</span>
              <small class="heading-ray-id">Ray ID: 57f00899ccb9bb70 &bull; 2020-04-05 03:03:11 UTC</small>
            </h1>
            <h2 class="cf-subheadline">Gateway time-out</h2>
        </div><!-- /.error-overview -->
        
        <div class="cf-section cf-highlight cf-status-display">
            <div class="cf-wrapper">
                <div class="cf-columns cols-3">
                  
<div id="cf-browser-status" class="cf-column cf-status-item cf-browser-status ">
  <div class="cf-icon-error-container">
    <i class="cf-icon cf-icon-browser"></i>
    <i class="cf-icon-status cf-icon-ok"></i>
  </div>
  <span class="cf-status-desc">You</span>
  <h3 class="cf-status-name">Browser</h3>
  <span class="cf-status-label">Working</span>
</div>

<div id="cf-cloudflare-status" class="cf-column cf-status-item cf-cloudflare-status ">
  <div class="cf-icon-error-container">
    <i class="cf-icon cf-icon-cloud"></i>
    <i class="cf-icon-status cf-icon-ok"></i>
  </div>
  <span class="cf-status-desc">Seattle</span>
  <h3 class="cf-status-name">Cloudflare</h3>
  <span class="cf-status-label">Working</span>
</div>

<div id="cf-host-status" class="cf-column cf-status-item cf-host-status cf-error-source">
  <div class="cf-icon-error-container">
    <i class="cf-icon cf-icon-server"></i>
    <i class="cf-icon-status cf-icon-error"></i>
  </div>
  <span class="cf-status-desc">api.stocktwits.com</span>
  <h3 class="cf-status-name">Host</h3>
  <span class="cf-status-label">Error</span>
</div>

                </div>
              
            </div>
        </div><!-- /.status-display -->

        <div class="cf-section cf-wrapper">
            <div class="cf-columns two">
                <div class="cf-column">
                    <h2>What happened?</h2>
                    <p>The web server reported a gateway time-out error.</p>
                </div>
              
                <div class="cf-column">
                    <h2>What can I do?</h2>
                    <p>Please try again in a few minutes.</p>
                </div>
            </div>
              
        </div><!-- /.section -->

        <div class="cf-error-footer cf-wrapper">
  <p>
    <span class="cf-footer-item">Cloudflare Ray ID: <strong>57f00899ccb9bb70</strong></span>
    <span class="cf-footer-separator">&bull;</span>
    <span class="cf-footer-item"><span>Your IP</span>: 2601:603:f7f:b700:29d4:370d:3344:b02e</span>
    <span class="cf-footer-separator">&bull;</span>
    <span class="cf-footer-item"><span>Performance &amp; security by</span> <a href="https://www.cloudflare.com/5xx-error-landing?utm_source=error_footer" id="brand_link" target="_blank">Cloudflare</a></span>
    
  </p>
</div><!-- /.error-footer -->


    </div><!-- /#cf-error-details -->
</div><!-- /#cf-wrapper -->
</body>
</html>

 
 time 2020-04-05 03:03:09.687373
json decode error: <!DOCTYPE html>
<!--[if lt IE 7]> <html class="no-js ie6 oldie" lang="en-US"> <![endif]-->
<!--[if IE 7]>    <html class="no-js ie7 oldie" lang="en-US"> <![endif]-->
<!--[if IE 8]>    <html class="no-js ie8 oldie" lang="en-US"> <![endif]-->
<!--[if gt IE 8]><!--> <html class="no-js" lang="en-US"> <!--<![endif]-->
<head>


<title>api.stocktwits.com | 504: Gateway time-out</title>
<meta charset="UTF-8" />
<meta http-equiv="Content-Type" content="text/html; charset=UTF-8" />
<meta http-equiv="X-UA-Compatible" content="IE=Edge,chrome=1" />
<meta name="robots" content="noindex, nofollow" />
<meta name="viewport" content="width=device-width,initial-scale=1,maximum-scale=1" />
<link rel="stylesheet" id="cf_styles-css" href="/cdn-cgi/styles/cf.errors.css" type="text/css" media="screen,projection" />
<!--[if lt IE 9]><link rel="stylesheet" id='cf_styles-ie-css' href="/cdn-cgi/styles/cf.errors.ie.css" type="text/css" media="screen,projection" /><![endif]-->
<style type="text/css">body{margin:0;padding:0}</style>




</head>
<body>
<div id="cf-wrapper">

    

    <div id="cf-error-details" class="cf-error-details-wrapper">
        <div class="cf-wrapper cf-error-overview">
            <h1>
              
              <span class="cf-error-type">Error</span>
              <span class="cf-error-code">504</span>
              <small class="heading-ray-id">Ray ID: 58008435781e795f &bull; 2020-04-07 03:03:46 UTC</small>
            </h1>
            <h2 class="cf-subheadline">Gateway time-out</h2>
        </div><!-- /.error-overview -->
        
        <div class="cf-section cf-highlight cf-status-display">
            <div class="cf-wrapper">
                <div class="cf-columns cols-3">
                  
<div id="cf-browser-status" class="cf-column cf-status-item cf-browser-status ">
  <div class="cf-icon-error-container">
    <i class="cf-icon cf-icon-browser"></i>
    <i class="cf-icon-status cf-icon-ok"></i>
  </div>
  <span class="cf-status-desc">You</span>
  <h3 class="cf-status-name">Browser</h3>
  <span class="cf-status-label">Working</span>
</div>

<div id="cf-cloudflare-status" class="cf-column cf-status-item cf-cloudflare-status ">
  <div class="cf-icon-error-container">
    <i class="cf-icon cf-icon-cloud"></i>
    <i class="cf-icon-status cf-icon-ok"></i>
  </div>
  <span class="cf-status-desc">Seattle</span>
  <h3 class="cf-status-name">Cloudflare</h3>
  <span class="cf-status-label">Working</span>
</div>

<div id="cf-host-status" class="cf-column cf-status-item cf-host-status cf-error-source">
  <div class="cf-icon-error-container">
    <i class="cf-icon cf-icon-server"></i>
    <i class="cf-icon-status cf-icon-error"></i>
  </div>
  <span class="cf-status-desc">api.stocktwits.com</span>
  <h3 class="cf-status-name">Host</h3>
  <span class="cf-status-label">Error</span>
</div>

                </div>
              
            </div>
        </div><!-- /.status-display -->

        <div class="cf-section cf-wrapper">
            <div class="cf-columns two">
                <div class="cf-column">
                    <h2>What happened?</h2>
                    <p>The web server reported a gateway time-out error.</p>
                </div>
              
                <div class="cf-column">
                    <h2>What can I do?</h2>
                    <p>Please try again in a few minutes.</p>
                </div>
            </div>
              
        </div><!-- /.section -->

        <div class="cf-error-footer cf-wrapper">
  <p>
    <span class="cf-footer-item">Cloudflare Ray ID: <strong>58008435781e795f</strong></span>
    <span class="cf-footer-separator">&bull;</span>
    <span class="cf-footer-item"><span>Your IP</span>: 2601:603:f7f:b700:a113:6789:99ee:9383</span>
    <span class="cf-footer-separator">&bull;</span>
    <span class="cf-footer-item"><span>Performance &amp; security by</span> <a href="https://www.cloudflare.com/5xx-error-landing?utm_source=error_footer" id="brand_link" target="_blank">Cloudflare</a></span>
    
  </p>
</div><!-- /.error-footer -->


    </div><!-- /#cf-error-details -->
</div><!-- /#cf-wrapper -->
</body>
</html>

 
 time 2020-04-07 03:03:45.763290
json decode error: <!DOCTYPE html>
<!--[if lt IE 7]> <html class="no-js ie6 oldie" lang="en-US"> <![endif]-->
<!--[if IE 7]>    <html class="no-js ie7 oldie" lang="en-US"> <![endif]-->
<!--[if IE 8]>    <html class="no-js ie8 oldie" lang="en-US"> <![endif]-->
<!--[if gt IE 8]><!--> <html class="no-js" lang="en-US"> <!--<![endif]-->
<head>


<title>api.stocktwits.com | 504: Gateway time-out</title>
<meta charset="UTF-8" />
<meta http-equiv="Content-Type" content="text/html; charset=UTF-8" />
<meta http-equiv="X-UA-Compatible" content="IE=Edge,chrome=1" />
<meta name="robots" content="noindex, nofollow" />
<meta name="viewport" content="width=device-width,initial-scale=1,maximum-scale=1" />
<link rel="stylesheet" id="cf_styles-css" href="/cdn-cgi/styles/cf.errors.css" type="text/css" media="screen,projection" />
<!--[if lt IE 9]><link rel="stylesheet" id='cf_styles-ie-css' href="/cdn-cgi/styles/cf.errors.ie.css" type="text/css" media="screen,projection" /><![endif]-->
<style type="text/css">body{margin:0;padding:0}</style>




</head>
<body>
<div id="cf-wrapper">

    

    <div id="cf-error-details" class="cf-error-details-wrapper">
        <div class="cf-wrapper cf-error-overview">
            <h1>
              
              <span class="cf-error-type">Error</span>
              <span class="cf-error-code">504</span>
              <small class="heading-ray-id">Ray ID: 58009bb2be58e366 &bull; 2020-04-07 03:19:48 UTC</small>
            </h1>
            <h2 class="cf-subheadline">Gateway time-out</h2>
        </div><!-- /.error-overview -->
        
        <div class="cf-section cf-highlight cf-status-display">
            <div class="cf-wrapper">
                <div class="cf-columns cols-3">
                  
<div id="cf-browser-status" class="cf-column cf-status-item cf-browser-status ">
  <div class="cf-icon-error-container">
    <i class="cf-icon cf-icon-browser"></i>
    <i class="cf-icon-status cf-icon-ok"></i>
  </div>
  <span class="cf-status-desc">You</span>
  <h3 class="cf-status-name">Browser</h3>
  <span class="cf-status-label">Working</span>
</div>

<div id="cf-cloudflare-status" class="cf-column cf-status-item cf-cloudflare-status ">
  <div class="cf-icon-error-container">
    <i class="cf-icon cf-icon-cloud"></i>
    <i class="cf-icon-status cf-icon-ok"></i>
  </div>
  <span class="cf-status-desc">Seattle</span>
  <h3 class="cf-status-name">Cloudflare</h3>
  <span class="cf-status-label">Working</span>
</div>

<div id="cf-host-status" class="cf-column cf-status-item cf-host-status cf-error-source">
  <div class="cf-icon-error-container">
    <i class="cf-icon cf-icon-server"></i>
    <i class="cf-icon-status cf-icon-error"></i>
  </div>
  <span class="cf-status-desc">api.stocktwits.com</span>
  <h3 class="cf-status-name">Host</h3>
  <span class="cf-status-label">Error</span>
</div>

                </div>
              
            </div>
        </div><!-- /.status-display -->

        <div class="cf-section cf-wrapper">
            <div class="cf-columns two">
                <div class="cf-column">
                    <h2>What happened?</h2>
                    <p>The web server reported a gateway time-out error.</p>
                </div>
              
                <div class="cf-column">
                    <h2>What can I do?</h2>
                    <p>Please try again in a few minutes.</p>
                </div>
            </div>
              
        </div><!-- /.section -->

        <div class="cf-error-footer cf-wrapper">
  <p>
    <span class="cf-footer-item">Cloudflare Ray ID: <strong>58009bb2be58e366</strong></span>
    <span class="cf-footer-separator">&bull;</span>
    <span class="cf-footer-item"><span>Your IP</span>: 2601:603:f7f:b700:a113:6789:99ee:9383</span>
    <span class="cf-footer-separator">&bull;</span>
    <span class="cf-footer-item"><span>Performance &amp; security by</span> <a href="https://www.cloudflare.com/5xx-error-landing?utm_source=error_footer" id="brand_link" target="_blank">Cloudflare</a></span>
    
  </p>
</div><!-- /.error-footer -->


    </div><!-- /#cf-error-details -->
</div><!-- /#cf-wrapper -->
</body>
</html>

 
 time 2020-04-07 03:19:47.871695
json decode error: <!DOCTYPE html>
<!--[if lt IE 7]> <html class="no-js ie6 oldie" lang="en-US"> <![endif]-->
<!--[if IE 7]>    <html class="no-js ie7 oldie" lang="en-US"> <![endif]-->
<!--[if IE 8]>    <html class="no-js ie8 oldie" lang="en-US"> <![endif]-->
<!--[if gt IE 8]><!--> <html class="no-js" lang="en-US"> <!--<![endif]-->
<head>


<title>api.stocktwits.com | 504: Gateway time-out</title>
<meta charset="UTF-8" />
<meta http-equiv="Content-Type" content="text/html; charset=UTF-8" />
<meta http-equiv="X-UA-Compatible" content="IE=Edge,chrome=1" />
<meta name="robots" content="noindex, nofollow" />
<meta name="viewport" content="width=device-width,initial-scale=1,maximum-scale=1" />
<link rel="stylesheet" id="cf_styles-css" href="/cdn-cgi/styles/cf.errors.css" type="text/css" media="screen,projection" />
<!--[if lt IE 9]><link rel="stylesheet" id='cf_styles-ie-css' href="/cdn-cgi/styles/cf.errors.ie.css" type="text/css" media="screen,projection" /><![endif]-->
<style type="text/css">body{margin:0;padding:0}</style>




</head>
<body>
<div id="cf-wrapper">

    

    <div id="cf-error-details" class="cf-error-details-wrapper">
        <div class="cf-wrapper cf-error-overview">
            <h1>
              
              <span class="cf-error-type">Error</span>
              <span class="cf-error-code">504</span>
              <small class="heading-ray-id">Ray ID: 5800d60f4d87e376 &bull; 2020-04-07 03:59:39 UTC</small>
            </h1>
            <h2 class="cf-subheadline">Gateway time-out</h2>
        </div><!-- /.error-overview -->
        
        <div class="cf-section cf-highlight cf-status-display">
            <div class="cf-wrapper">
                <div class="cf-columns cols-3">
                  
<div id="cf-browser-status" class="cf-column cf-status-item cf-browser-status ">
  <div class="cf-icon-error-container">
    <i class="cf-icon cf-icon-browser"></i>
    <i class="cf-icon-status cf-icon-ok"></i>
  </div>
  <span class="cf-status-desc">You</span>
  <h3 class="cf-status-name">Browser</h3>
  <span class="cf-status-label">Working</span>
</div>

<div id="cf-cloudflare-status" class="cf-column cf-status-item cf-cloudflare-status ">
  <div class="cf-icon-error-container">
    <i class="cf-icon cf-icon-cloud"></i>
    <i class="cf-icon-status cf-icon-ok"></i>
  </div>
  <span class="cf-status-desc">Seattle</span>
  <h3 class="cf-status-name">Cloudflare</h3>
  <span class="cf-status-label">Working</span>
</div>

<div id="cf-host-status" class="cf-column cf-status-item cf-host-status cf-error-source">
  <div class="cf-icon-error-container">
    <i class="cf-icon cf-icon-server"></i>
    <i class="cf-icon-status cf-icon-error"></i>
  </div>
  <span class="cf-status-desc">api.stocktwits.com</span>
  <h3 class="cf-status-name">Host</h3>
  <span class="cf-status-label">Error</span>
</div>

                </div>
              
            </div>
        </div><!-- /.status-display -->

        <div class="cf-section cf-wrapper">
            <div class="cf-columns two">
                <div class="cf-column">
                    <h2>What happened?</h2>
                    <p>The web server reported a gateway time-out error.</p>
                </div>
              
                <div class="cf-column">
                    <h2>What can I do?</h2>
                    <p>Please try again in a few minutes.</p>
                </div>
            </div>
              
        </div><!-- /.section -->

        <div class="cf-error-footer cf-wrapper">
  <p>
    <span class="cf-footer-item">Cloudflare Ray ID: <strong>5800d60f4d87e376</strong></span>
    <span class="cf-footer-separator">&bull;</span>
    <span class="cf-footer-item"><span>Your IP</span>: 2601:603:f7f:b700:a113:6789:99ee:9383</span>
    <span class="cf-footer-separator">&bull;</span>
    <span class="cf-footer-item"><span>Performance &amp; security by</span> <a href="https://www.cloudflare.com/5xx-error-landing?utm_source=error_footer" id="brand_link" target="_blank">Cloudflare</a></span>
    
  </p>
</div><!-- /.error-footer -->


    </div><!-- /#cf-error-details -->
</div><!-- /#cf-wrapper -->
</body>
</html>

 
 time 2020-04-07 03:59:38.342535
json decode error: <!DOCTYPE html>
<!--[if lt IE 7]> <html class="no-js ie6 oldie" lang="en-US"> <![endif]-->
<!--[if IE 7]>    <html class="no-js ie7 oldie" lang="en-US"> <![endif]-->
<!--[if IE 8]>    <html class="no-js ie8 oldie" lang="en-US"> <![endif]-->
<!--[if gt IE 8]><!--> <html class="no-js" lang="en-US"> <!--<![endif]-->
<head>


<title>api.stocktwits.com | 504: Gateway time-out</title>
<meta charset="UTF-8" />
<meta http-equiv="Content-Type" content="text/html; charset=UTF-8" />
<meta http-equiv="X-UA-Compatible" content="IE=Edge,chrome=1" />
<meta name="robots" content="noindex, nofollow" />
<meta name="viewport" content="width=device-width,initial-scale=1,maximum-scale=1" />
<link rel="stylesheet" id="cf_styles-css" href="/cdn-cgi/styles/cf.errors.css" type="text/css" media="screen,projection" />
<!--[if lt IE 9]><link rel="stylesheet" id='cf_styles-ie-css' href="/cdn-cgi/styles/cf.errors.ie.css" type="text/css" media="screen,projection" /><![endif]-->
<style type="text/css">body{margin:0;padding:0}</style>




</head>
<body>
<div id="cf-wrapper">

    

    <div id="cf-error-details" class="cf-error-details-wrapper">
        <div class="cf-wrapper cf-error-overview">
            <h1>
              
              <span class="cf-error-type">Error</span>
              <span class="cf-error-code">504</span>
              <small class="heading-ray-id">Ray ID: 58068623bf95e364 &bull; 2020-04-07 20:33:40 UTC</small>
            </h1>
            <h2 class="cf-subheadline">Gateway time-out</h2>
        </div><!-- /.error-overview -->
        
        <div class="cf-section cf-highlight cf-status-display">
            <div class="cf-wrapper">
                <div class="cf-columns cols-3">
                  
<div id="cf-browser-status" class="cf-column cf-status-item cf-browser-status ">
  <div class="cf-icon-error-container">
    <i class="cf-icon cf-icon-browser"></i>
    <i class="cf-icon-status cf-icon-ok"></i>
  </div>
  <span class="cf-status-desc">You</span>
  <h3 class="cf-status-name">Browser</h3>
  <span class="cf-status-label">Working</span>
</div>

<div id="cf-cloudflare-status" class="cf-column cf-status-item cf-cloudflare-status ">
  <div class="cf-icon-error-container">
    <i class="cf-icon cf-icon-cloud"></i>
    <i class="cf-icon-status cf-icon-ok"></i>
  </div>
  <span class="cf-status-desc">Seattle</span>
  <h3 class="cf-status-name">Cloudflare</h3>
  <span class="cf-status-label">Working</span>
</div>

<div id="cf-host-status" class="cf-column cf-status-item cf-host-status cf-error-source">
  <div class="cf-icon-error-container">
    <i class="cf-icon cf-icon-server"></i>
    <i class="cf-icon-status cf-icon-error"></i>
  </div>
  <span class="cf-status-desc">api.stocktwits.com</span>
  <h3 class="cf-status-name">Host</h3>
  <span class="cf-status-label">Error</span>
</div>

                </div>
              
            </div>
        </div><!-- /.status-display -->

        <div class="cf-section cf-wrapper">
            <div class="cf-columns two">
                <div class="cf-column">
                    <h2>What happened?</h2>
                    <p>The web server reported a gateway time-out error.</p>
                </div>
              
                <div class="cf-column">
                    <h2>What can I do?</h2>
                    <p>Please try again in a few minutes.</p>
                </div>
            </div>
              
        </div><!-- /.section -->

        <div class="cf-error-footer cf-wrapper">
  <p>
    <span class="cf-footer-item">Cloudflare Ray ID: <strong>58068623bf95e364</strong></span>
    <span class="cf-footer-separator">&bull;</span>
    <span class="cf-footer-item"><span>Your IP</span>: 2601:603:f7f:b700:a113:6789:99ee:9383</span>
    <span class="cf-footer-separator">&bull;</span>
    <span class="cf-footer-item"><span>Performance &amp; security by</span> <a href="https://www.cloudflare.com/5xx-error-landing?utm_source=error_footer" id="brand_link" target="_blank">Cloudflare</a></span>
    
  </p>
</div><!-- /.error-footer -->


    </div><!-- /#cf-error-details -->
</div><!-- /#cf-wrapper -->
</body>
</html>

 
 time 2020-04-07 20:33:38.905610
